2024-12-15T04:31:40.124Z [INFO]: Server running on port 8000
2024-12-15T04:33:12.218Z [INFO]: Server running on port 8000
2024-12-15T04:33:12.252Z [INFO]: Connected to MongoDB
2024-12-15T04:38:45.597Z [INFO]: Server running on port 8000
2024-12-15T04:38:45.633Z [INFO]: Connected to MongoDB
2024-12-15T04:41:48.503Z [INFO]: Server running on port 8000
2024-12-15T04:41:48.538Z [INFO]: Connected to MongoDB
2024-12-15T04:42:03.573Z [INFO]: Server running on port 8000
2024-12-15T04:42:03.595Z [INFO]: Connected to MongoDB
2024-12-15T04:42:56.509Z [INFO]: Server running on port 8000
2024-12-15T04:42:56.546Z [INFO]: Connected to MongoDB
2024-12-15T04:43:23.101Z [INFO]: Server running on port 8000
2024-12-15T04:43:23.149Z [INFO]: Connected to MongoDB
2024-12-15T04:43:38.083Z [INFO]: Server running on port 8000
2024-12-15T04:43:38.103Z [INFO]: Connected to MongoDB
2024-12-15T04:43:59.454Z [INFO]: Server running on port 8000
2024-12-15T04:43:59.479Z [INFO]: Connected to MongoDB
2024-12-15T04:48:37.096Z [INFO]: Server running on port 8000
2024-12-15T04:48:37.139Z [INFO]: Connected to MongoDB
2024-12-15T04:48:55.275Z [INFO]: Server running on port 8000
2024-12-15T04:48:55.299Z [INFO]: Connected to MongoDB
2024-12-15T04:56:00.255Z [INFO]: Server running on port 8000
2024-12-15T04:56:00.274Z [INFO]: Connected to MongoDB
2024-12-15T04:56:24.473Z [INFO]: Server running on port 8000
2024-12-15T04:56:24.572Z [INFO]: Connected to MongoDB
2024-12-15T04:57:16.664Z [INFO]: Server running on port 8000
2024-12-15T04:57:16.685Z [INFO]: Connected to MongoDB
2024-12-15T04:57:37.085Z [INFO]: Server running on port 8000
2024-12-15T04:57:37.103Z [INFO]: Connected to MongoDB
2024-12-15T04:58:57.637Z [INFO]: Server running on port 8000
2024-12-15T04:58:57.663Z [INFO]: Connected to MongoDB
2024-12-15T05:02:20.104Z [INFO]: Server running on port 8000
2024-12-15T05:02:20.160Z [INFO]: Connected to MongoDB
2024-12-15T05:05:24.749Z [INFO]: Server running on port 8000
2024-12-15T05:05:24.893Z [INFO]: Connected to MongoDB
2024-12-15T05:05:29.581Z [INFO]: Server running on port 8000
2024-12-15T05:05:29.605Z [INFO]: Connected to MongoDB
2024-12-15T05:06:04.994Z [INFO]: Server running on port 8000
2024-12-15T05:06:05.140Z [INFO]: Connected to MongoDB
2024-12-15T05:06:34.225Z [INFO]: Server running on port 8000
2024-12-15T05:06:34.265Z [INFO]: Connected to MongoDB
2024-12-15T05:07:28.526Z [INFO]: Server running on port 8000
2024-12-15T05:07:28.553Z [INFO]: Connected to MongoDB
2024-12-15T05:16:46.204Z [INFO]: Server running on port 8000
2024-12-15T05:16:46.227Z [INFO]: Connected to MongoDB
2024-12-15T05:17:31.369Z [INFO]: Server running on port 8000
2024-12-15T05:17:31.399Z [INFO]: Connected to MongoDB
2024-12-15T05:17:33.483Z [INFO]: Server running on port 8000
2024-12-15T05:17:33.513Z [INFO]: Connected to MongoDB
2024-12-15T05:18:37.178Z [INFO]: Server running on port 8000
2024-12-15T05:18:37.220Z [INFO]: Connected to MongoDB
2024-12-15T05:19:37.104Z [INFO]: Server running on port 8000
2024-12-15T05:19:37.184Z [INFO]: Connected to MongoDB
2024-12-15T05:19:43.201Z [INFO]: Server running on port 8000
2024-12-15T05:19:43.294Z [INFO]: Connected to MongoDB
2024-12-15T05:21:24.397Z [INFO]: Server running on port 8000
2024-12-15T05:21:24.418Z [INFO]: Connected to MongoDB
2024-12-15T05:21:30.835Z [INFO]: Server running on port 8000
2024-12-15T05:21:31.010Z [INFO]: Connected to MongoDB
2024-12-15T05:21:51.393Z [INFO]: Server running on port 8000
2024-12-15T05:21:51.419Z [INFO]: Connected to MongoDB
2024-12-15T05:22:21.148Z [INFO]: Server running on port 8000
2024-12-15T05:22:21.193Z [INFO]: Connected to MongoDB
2024-12-15T05:28:39.575Z [INFO]: Server running on port 8000
2024-12-15T05:28:39.642Z [INFO]: Connected to MongoDB
2024-12-15T05:28:53.715Z [INFO]: Server running on port 8000
2024-12-15T05:28:53.809Z [INFO]: Connected to MongoDB
2024-12-15T05:32:16.188Z [INFO]: Server running on port 8000
2024-12-15T05:32:16.211Z [INFO]: Connected to MongoDB
2024-12-15T05:36:05.181Z [INFO]: Server running on port 8000
2024-12-15T05:36:05.247Z [INFO]: Connected to MongoDB
2024-12-15T05:40:49.847Z [INFO]: Server running on port 8000
2024-12-15T05:40:49.892Z [INFO]: Connected to MongoDB
2024-12-15T05:42:13.242Z [INFO]: Server running on port 8000
2024-12-15T05:42:13.260Z [INFO]: Connected to MongoDB
2024-12-15T05:46:19.417Z [INFO]: Server running on port 8000
2024-12-15T05:46:19.441Z [INFO]: Connected to MongoDB
2024-12-15T06:13:58.093Z [INFO]: Server running on port 8000
2024-12-15T06:13:58.155Z [INFO]: Connected to MongoDB
2024-12-15T06:14:13.805Z [INFO]: Server running on port 8000
2024-12-15T06:14:13.833Z [INFO]: Connected to MongoDB
2024-12-15T06:18:50.264Z [INFO]: Server running on port 8000
2024-12-15T06:18:50.297Z [INFO]: Connected to MongoDB
2024-12-15T06:18:55.339Z [INFO]: Server running on port 8000
2024-12-15T06:18:55.434Z [INFO]: Connected to MongoDB
2024-12-15T06:19:27.583Z [INFO]: Server running on port 8000
2024-12-15T06:19:27.604Z [INFO]: Connected to MongoDB
2024-12-15T06:19:56.728Z [INFO]: Server running on port 8000
2024-12-15T06:19:56.753Z [INFO]: Connected to MongoDB
2024-12-15T06:27:56.880Z [INFO]: Server running on port 8000
2024-12-15T06:27:56.919Z [INFO]: Connected to MongoDB
2024-12-15T06:28:01.745Z [INFO]: Server running on port 8000
2024-12-15T06:28:01.769Z [INFO]: Connected to MongoDB
2024-12-15T06:34:30.092Z [INFO]: Server running on port 8000
2024-12-15T06:34:30.124Z [INFO]: Connected to MongoDB
2024-12-15T06:34:32.290Z [INFO]: Server running on port 8000
2024-12-15T06:34:32.491Z [INFO]: Connected to MongoDB
2024-12-15T06:35:08.573Z [INFO]: Server running on port 8000
2024-12-15T06:35:08.640Z [INFO]: Connected to MongoDB
2024-12-15T06:35:50.132Z [INFO]: Server running on port 8000
2024-12-15T06:35:50.165Z [INFO]: Connected to MongoDB
2024-12-15T06:35:51.820Z [INFO]: Server running on port 8000
2024-12-15T06:35:51.838Z [INFO]: Connected to MongoDB
2024-12-15T06:36:41.257Z [INFO]: Server running on port 8000
2024-12-15T06:36:41.326Z [INFO]: Connected to MongoDB
2024-12-15T06:41:46.071Z [INFO]: Server running on port 8000
2024-12-15T06:41:46.192Z [INFO]: Connected to MongoDB
2024-12-15T06:43:02.269Z [INFO]: Server running on port 8000
2024-12-15T06:43:02.305Z [INFO]: Connected to MongoDB
2024-12-15T06:44:19.957Z [INFO]: Server running on port 8000
2024-12-15T06:44:20.001Z [INFO]: Connected to MongoDB
2024-12-15T06:44:37.100Z [INFO]: Server running on port 8000
2024-12-15T06:44:37.116Z [INFO]: Connected to MongoDB
2024-12-15T07:08:41.461Z [INFO]: Server running on port 8000
2024-12-15T07:08:41.486Z [INFO]: Connected to MongoDB
2024-12-15T07:41:55.480Z [INFO]: Server running on port 8000
2024-12-15T07:41:55.517Z [INFO]: Connected to MongoDB
2024-12-15T07:42:03.478Z [INFO]: Server running on port 8000
2024-12-15T07:42:03.577Z [INFO]: Connected to MongoDB
2024-12-17T08:26:34.298Z [INFO]: Server running on port 8000
2024-12-17T08:26:34.377Z [INFO]: Connected to MongoDB
2024-12-17T08:35:22.297Z [INFO]: Server running on port 8000
2024-12-17T08:35:22.347Z [INFO]: Connected to MongoDB
2024-12-17T09:04:11.501Z [INFO]: Server running on port 8000
2024-12-17T09:04:11.535Z [INFO]: Connected to MongoDB
2024-12-17T09:04:24.876Z [INFO]: Server running on port 8000
2024-12-17T09:04:24.951Z [INFO]: Connected to MongoDB
2024-12-17T09:06:06.675Z [INFO]: Server running on port 8000
2024-12-17T09:06:06.712Z [INFO]: Connected to MongoDB
2024-12-17T09:08:44.161Z [INFO]: Server running on port 8000
2024-12-17T09:08:44.190Z [INFO]: Connected to MongoDB
2024-12-17T09:09:00.793Z [INFO]: Server running on port 8000
2024-12-17T09:09:00.836Z [INFO]: Connected to MongoDB
2024-12-17T09:09:57.001Z [INFO]: Server running on port 8000
2024-12-17T09:09:57.043Z [INFO]: Connected to MongoDB
2024-12-17T09:10:11.091Z [INFO]: Server running on port 8000
2024-12-17T09:10:11.158Z [INFO]: Connected to MongoDB
2024-12-17T09:13:19.381Z [INFO]: Server running on port 8000
2024-12-17T09:13:19.408Z [INFO]: Connected to MongoDB
2024-12-17T09:14:40.182Z [INFO]: Server running on port 8000
2024-12-17T09:14:40.201Z [INFO]: Connected to MongoDB
2024-12-17T09:14:59.553Z [INFO]: Server running on port 8000
2024-12-17T09:14:59.572Z [INFO]: Connected to MongoDB
2024-12-17T09:17:53.312Z [INFO]: Server running on port 8000
2024-12-17T09:17:53.356Z [INFO]: Connected to MongoDB
2024-12-17T09:21:46.640Z [INFO]: Server running on port 8000
2024-12-17T09:21:46.741Z [INFO]: Connected to MongoDB
2024-12-17T09:25:21.901Z [INFO]: Server running on port 8000
2024-12-17T09:25:21.937Z [INFO]: Connected to MongoDB
2024-12-17T09:32:08.100Z [INFO]: Server running on port 8000
2024-12-17T09:32:08.144Z [INFO]: Connected to MongoDB
2024-12-17T09:33:09.983Z [INFO]: Server running on port 8000
2024-12-17T09:33:10.025Z [INFO]: Connected to MongoDB
2024-12-17T09:33:29.904Z [INFO]: Server running on port 8000
2024-12-17T09:33:29.945Z [INFO]: Connected to MongoDB
2024-12-17T09:37:01.960Z [INFO]: Server running on port 8000
2024-12-17T09:37:02.026Z [INFO]: Connected to MongoDB
2024-12-17T09:53:01.271Z [INFO]: Server running on port 8000
2024-12-17T09:53:01.302Z [INFO]: Connected to MongoDB
2024-12-17T09:54:00.671Z [INFO]: Server running on port 8000
2024-12-17T09:54:00.706Z [INFO]: Connected to MongoDB
2024-12-17T10:03:56.500Z [INFO]: Server running on port 8000
2024-12-17T10:03:56.561Z [INFO]: Connected to MongoDB
2024-12-17T10:06:01.014Z [INFO]: Server running on port 8000
2024-12-17T10:06:01.907Z [INFO]: Connected to MongoDB
2024-12-17T10:07:33.374Z [INFO]: Server running on port 8000
2024-12-17T10:07:33.445Z [INFO]: Connected to MongoDB
2024-12-17T10:17:47.066Z [INFO]: Server running on port 8000
2024-12-17T10:17:47.091Z [INFO]: Connected to MongoDB
2024-12-17T10:19:19.540Z [INFO]: Server running on port 8000
2024-12-17T10:19:19.602Z [INFO]: Connected to MongoDB
2024-12-17T10:19:22.638Z [INFO]: Server running on port 8000
2024-12-17T10:19:22.670Z [INFO]: Connected to MongoDB
2024-12-17T12:37:07.660Z [INFO]: Server running on port 8000
2024-12-17T12:37:07.759Z [INFO]: Connected to MongoDB
2024-12-17T12:52:49.425Z [INFO]: Server running on port 8000
2024-12-17T12:52:49.520Z [INFO]: Connected to MongoDB
2024-12-17T12:54:00.490Z [INFO]: Server running on port 8000
2024-12-17T12:54:00.590Z [INFO]: Connected to MongoDB
2024-12-17T12:54:10.873Z [INFO]: Server running on port 8000
2024-12-17T12:54:10.932Z [INFO]: Connected to MongoDB
2024-12-17T12:54:42.198Z [INFO]: Server running on port 8000
2024-12-17T12:54:42.247Z [INFO]: Connected to MongoDB
2024-12-17T12:55:15.852Z [INFO]: Server running on port 8000
2024-12-17T12:55:15.897Z [INFO]: Connected to MongoDB
2024-12-17T12:56:02.226Z [INFO]: Server running on port 8000
2024-12-17T12:56:02.274Z [INFO]: Connected to MongoDB
2024-12-17T12:57:07.618Z [INFO]: Server running on port 8000
2024-12-17T12:57:07.715Z [INFO]: Connected to MongoDB
2024-12-17T12:57:37.355Z [INFO]: Server running on port 8000
2024-12-17T12:57:37.516Z [INFO]: Connected to MongoDB
2024-12-17T12:58:25.101Z [INFO]: Server running on port 8000
2024-12-17T12:58:25.223Z [INFO]: Connected to MongoDB
2024-12-17T12:59:13.262Z [INFO]: Server running on port 8000
2024-12-17T12:59:13.310Z [INFO]: Connected to MongoDB
2024-12-17T12:59:38.644Z [INFO]: Server running on port 8000
2024-12-17T12:59:38.719Z [INFO]: Connected to MongoDB
2024-12-17T13:00:01.883Z [INFO]: Server running on port 8000
2024-12-17T13:00:02.078Z [INFO]: Connected to MongoDB
2024-12-17T13:00:30.072Z [INFO]: Server running on port 8000
2024-12-17T13:00:30.174Z [INFO]: Connected to MongoDB
2024-12-17T13:01:19.576Z [INFO]: Server running on port 8000
2024-12-17T13:01:19.696Z [INFO]: Connected to MongoDB
2024-12-17T13:02:03.472Z [INFO]: Server running on port 8000
2024-12-17T13:02:03.532Z [INFO]: Connected to MongoDB
2024-12-17T13:02:13.926Z [INFO]: Server running on port 8000
2024-12-17T13:02:13.992Z [INFO]: Connected to MongoDB
2024-12-17T13:02:27.992Z [INFO]: Server running on port 8000
2024-12-17T13:02:28.062Z [INFO]: Connected to MongoDB
2024-12-17T13:04:27.139Z [INFO]: Server running on port 8000
2024-12-17T13:04:27.195Z [INFO]: Connected to MongoDB
2024-12-17T13:05:15.079Z [INFO]: Server running on port 8000
2024-12-17T13:05:15.135Z [INFO]: Connected to MongoDB
2024-12-17T13:05:40.658Z [INFO]: Server running on port 8000
2024-12-17T13:05:40.705Z [INFO]: Connected to MongoDB
2024-12-17T13:05:49.546Z [INFO]: Server running on port 8000
2024-12-17T13:05:49.577Z [INFO]: Connected to MongoDB
2024-12-17T13:06:09.820Z [INFO]: Server running on port 8000
2024-12-17T13:06:09.892Z [INFO]: Connected to MongoDB
2024-12-17T13:07:37.223Z [INFO]: Server running on port 8000
2024-12-17T13:07:39.538Z [INFO]: Server running on port 8000
2024-12-17T13:07:39.610Z [INFO]: Connected to MongoDB
2024-12-17T13:09:10.808Z [INFO]: Server running on port 8000
2024-12-17T13:09:10.872Z [INFO]: Connected to MongoDB
2024-12-17T13:09:54.047Z [INFO]: Server running on port 8000
2024-12-17T13:09:54.107Z [INFO]: Connected to MongoDB
2024-12-17T13:10:46.513Z [INFO]: Server running on port 8000
2024-12-17T13:10:46.537Z [INFO]: Connected to MongoDB
2024-12-17T13:10:48.591Z [INFO]: Server running on port 8000
2024-12-17T13:10:48.630Z [INFO]: Connected to MongoDB
2024-12-17T13:11:27.429Z [INFO]: Server running on port 8000
2024-12-17T13:11:27.495Z [INFO]: Connected to MongoDB
2024-12-17T13:12:14.927Z [INFO]: Server running on port 8000
2024-12-17T13:12:14.979Z [INFO]: Connected to MongoDB
2024-12-17T13:12:33.979Z [INFO]: Server running on port 8000
2024-12-17T13:12:34.024Z [INFO]: Connected to MongoDB
2024-12-17T13:12:45.462Z [INFO]: Server running on port 8000
2024-12-17T13:12:45.520Z [INFO]: Connected to MongoDB
2024-12-17T13:13:11.182Z [INFO]: Server running on port 8000
2024-12-17T13:13:11.275Z [INFO]: Connected to MongoDB
2024-12-17T13:14:13.895Z [INFO]: Server running on port 8000
2024-12-17T13:14:14.051Z [INFO]: Connected to MongoDB
2024-12-17T13:15:20.070Z [INFO]: Server running on port 8000
2024-12-17T13:15:20.139Z [INFO]: Connected to MongoDB
2024-12-17T13:15:49.242Z [INFO]: Server running on port 8000
2024-12-17T13:15:49.326Z [INFO]: Connected to MongoDB
2024-12-17T13:16:25.717Z [INFO]: Server running on port 8000
2024-12-17T13:16:25.834Z [INFO]: Connected to MongoDB
2024-12-17T13:16:53.466Z [INFO]: Server running on port 8000
2024-12-17T13:16:53.749Z [INFO]: Connected to MongoDB
2024-12-17T13:17:41.812Z [INFO]: Server running on port 8000
2024-12-17T13:17:41.892Z [INFO]: Connected to MongoDB
2024-12-17T13:22:36.256Z [INFO]: Server running on port 8000
2024-12-17T13:22:36.337Z [INFO]: Connected to MongoDB
2024-12-17T13:23:33.932Z [INFO]: Server running on port 8000
2024-12-17T13:23:33.977Z [INFO]: Connected to MongoDB
2024-12-17T13:37:07.341Z [INFO]: Server running on port 8000
2024-12-17T13:37:07.384Z [INFO]: Connected to MongoDB
2024-12-17T16:17:21.263Z [INFO]: Server running on port 8000
2024-12-17T16:17:21.320Z [INFO]: Connected to MongoDB
2024-12-17T16:30:04.721Z [INFO]: Server running on port 8000
2024-12-17T16:30:04.781Z [INFO]: Connected to MongoDB
2024-12-17T16:32:30.538Z [INFO]: Server running on port 8000
2024-12-17T16:32:30.585Z [INFO]: Connected to MongoDB
2024-12-17T16:34:45.017Z [INFO]: Server running on port 8000
2024-12-17T16:34:45.060Z [INFO]: Connected to MongoDB
2024-12-17T16:40:42.892Z [INFO]: Server running on port 8000
2024-12-17T16:40:42.915Z [INFO]: Connected to MongoDB
2024-12-17T16:40:50.307Z [INFO]: Server running on port 8000
2024-12-17T16:40:50.353Z [INFO]: Connected to MongoDB
2024-12-17T16:41:43.825Z [INFO]: Server running on port 8000
2024-12-17T16:41:43.867Z [INFO]: Connected to MongoDB
2024-12-17T16:41:57.260Z [INFO]: Server running on port 8000
2024-12-17T16:41:57.297Z [INFO]: Connected to MongoDB
2024-12-17T16:43:26.006Z [INFO]: Server running on port 8000
2024-12-17T16:43:26.065Z [INFO]: Connected to MongoDB
2024-12-17T16:51:38.306Z [INFO]: Server running on port 8000
2024-12-17T16:51:38.359Z [INFO]: Connected to MongoDB
2024-12-17T16:51:58.875Z [INFO]: Server running on port 8000
2024-12-17T16:51:58.907Z [INFO]: Connected to MongoDB
2024-12-17T16:54:16.602Z [INFO]: Connected to MongoDB
2024-12-17T16:55:20.722Z [INFO]: Connected to MongoDB
2024-12-17T16:56:38.764Z [INFO]: Connected to MongoDB
2024-12-17T16:59:40.415Z [INFO]: Connected to MongoDB
2024-12-17T17:00:41.536Z [INFO]: Connected to MongoDB
2024-12-17T17:01:27.904Z [INFO]: Connected to MongoDB
2024-12-17T17:01:52.596Z [INFO]: Connected to MongoDB
2024-12-17T17:02:12.358Z [INFO]: Connected to MongoDB
2024-12-17T17:02:45.585Z [INFO]: Connected to MongoDB
2024-12-17T17:03:13.713Z [INFO]: Connected to MongoDB
2024-12-17T17:07:33.302Z [INFO]: Connected to MongoDB
2024-12-17T17:09:51.471Z [INFO]: Server running on port 8000
2024-12-17T17:09:51.513Z [INFO]: Connected to MongoDB
2024-12-17T17:11:51.543Z [INFO]: Server running on port 8000
2024-12-17T17:11:51.595Z [INFO]: Connected to MongoDB
2024-12-17T17:13:03.750Z [INFO]: Server running on port 8000
2024-12-17T17:13:03.781Z [INFO]: Connected to MongoDB
2024-12-17T17:14:37.631Z [INFO]: Server running on port 8000
2024-12-17T17:14:37.749Z [INFO]: Connected to MongoDB
2024-12-17T17:18:12.992Z [INFO]: Server running on port 8000
2024-12-17T17:18:13.029Z [INFO]: Connected to MongoDB
2024-12-17T17:21:44.492Z [INFO]: Server running on port 8000
2024-12-17T17:21:44.518Z [INFO]: Connected to MongoDB
2024-12-17T17:21:54.287Z [INFO]: Server running on port 8000
2024-12-17T17:21:54.364Z [INFO]: Connected to MongoDB
2024-12-17T18:42:11.019Z [INFO]: Server running on port 8000
2024-12-17T18:42:11.049Z [INFO]: Connected to MongoDB
2024-12-17T18:42:34.463Z [INFO]: Server running on port 8000
2024-12-17T18:42:34.504Z [INFO]: Connected to MongoDB
2024-12-17T18:42:43.598Z [INFO]: Server running on port 8000
2024-12-17T18:42:43.651Z [INFO]: Connected to MongoDB
2024-12-17T18:44:20.837Z [INFO]: Server running on port 8000
2024-12-17T18:44:20.922Z [INFO]: Connected to MongoDB
2024-12-17T18:47:36.362Z [INFO]: Server running on port 8000
2024-12-17T18:47:36.409Z [INFO]: Connected to MongoDB
2024-12-17T18:48:06.479Z [INFO]: Server running on port 8000
2024-12-17T18:48:06.507Z [INFO]: Connected to MongoDB
2024-12-17T18:49:04.905Z [INFO]: Server running on port 8000
2024-12-17T18:49:04.954Z [INFO]: Connected to MongoDB
2024-12-17T18:50:00.571Z [INFO]: Server running on port 8000
2024-12-17T18:50:00.788Z [INFO]: Connected to MongoDB
2024-12-17T18:50:13.183Z [ERROR]: Cannot read properties of undefined (reading 'access_token') Cannot read properties of undefined (reading 'access_token')
2024-12-17T18:55:36.574Z [INFO]: Server running on port 8000
2024-12-17T18:55:36.608Z [INFO]: Connected to MongoDB
2024-12-17T18:55:39.773Z [ERROR]: Cannot read properties of undefined (reading 'access_token') Cannot read properties of undefined (reading 'access_token')
2024-12-17T18:55:55.891Z [ERROR]: Cannot read properties of undefined (reading 'access_token') Cannot read properties of undefined (reading 'access_token')
2024-12-17T18:57:50.764Z [ERROR]: Cannot read properties of undefined (reading 'access_token') Cannot read properties of undefined (reading 'access_token')
2024-12-17T19:00:17.877Z [INFO]: Server running on port 8000
2024-12-17T19:00:17.958Z [INFO]: Connected to MongoDB
2024-12-17T19:00:43.370Z [INFO]: Server running on port 8000
2024-12-17T19:00:43.399Z [INFO]: Connected to MongoDB
2024-12-17T19:00:47.896Z [ERROR]: Cannot read properties of undefined (reading 'access_token') Cannot read properties of undefined (reading 'access_token')
2024-12-17T19:03:38.038Z [ERROR]: Cannot read properties of undefined (reading 'access_token') Cannot read properties of undefined (reading 'access_token')
2024-12-17T19:31:23.858Z [INFO]: Server running on port 8000
2024-12-17T19:31:23.897Z [INFO]: Connected to MongoDB
2024-12-19T06:16:40.625Z [INFO]: Server running on port 8000
2024-12-19T06:16:40.676Z [INFO]: Connected to MongoDB
2024-12-19T06:16:45.302Z [ERROR]: Cannot read properties of undefined (reading 'access_token') Cannot read properties of undefined (reading 'access_token')
2024-12-19T06:17:03.827Z [ERROR]: Cannot read properties of undefined (reading 'access_token') Cannot read properties of undefined (reading 'access_token')
2024-12-19T06:18:04.675Z [ERROR]: Cannot read properties of undefined (reading 'access_token') Cannot read properties of undefined (reading 'access_token')
2024-12-19T06:19:59.919Z [ERROR]: Cannot read properties of undefined (reading 'access_token') Cannot read properties of undefined (reading 'access_token')
2024-12-19T06:25:29.503Z [INFO]: Server running on port 8000
2024-12-19T06:25:29.570Z [INFO]: Connected to MongoDB
2024-12-19T06:25:30.854Z [ERROR]: Cannot read properties of undefined (reading 'access_token') Cannot read properties of undefined (reading 'access_token')
2024-12-19T06:26:44.216Z [INFO]: Server running on port 8000
2024-12-19T06:26:44.249Z [INFO]: Connected to MongoDB
2024-12-19T06:26:50.466Z [ERROR]: Cannot read properties of undefined (reading 'access_token') Cannot read properties of undefined (reading 'access_token')
2024-12-19T06:26:50.488Z [ERROR]: Cannot read properties of undefined (reading 'access_token') Cannot read properties of undefined (reading 'access_token')
2024-12-19T06:33:43.018Z [INFO]: Server running on port 8000
2024-12-19T06:33:43.053Z [INFO]: Connected to MongoDB
2024-12-19T06:35:05.418Z [INFO]: Server running on port 8000
2024-12-19T06:35:05.452Z [INFO]: Connected to MongoDB
2024-12-19T06:37:19.277Z [INFO]: Server running on port 8000
2024-12-19T06:37:19.324Z [INFO]: Connected to MongoDB
2024-12-19T06:38:02.616Z [INFO]: Server running on port 8000
2024-12-19T06:38:02.652Z [INFO]: Connected to MongoDB
2024-12-19T06:38:06.652Z [ERROR]: Cannot read properties of undefined (reading 'access_token') Cannot read properties of undefined (reading 'access_token')
2024-12-19T06:38:06.666Z [ERROR]: Cannot read properties of undefined (reading 'access_token') Cannot read properties of undefined (reading 'access_token')
2024-12-19T06:44:33.769Z [INFO]: Server running on port 8000
2024-12-19T06:44:33.806Z [INFO]: Connected to MongoDB
2024-12-19T06:44:48.731Z [INFO]: Server running on port 8000
2024-12-19T06:44:48.780Z [INFO]: Connected to MongoDB
2024-12-19T06:47:07.037Z [INFO]: Server running on port 8000
2024-12-19T06:47:07.082Z [INFO]: Connected to MongoDB
2024-12-19T06:55:06.433Z [INFO]: Server running on port 8000
2024-12-19T06:55:06.468Z [INFO]: Connected to MongoDB
2024-12-19T06:55:19.095Z [ERROR]: Cannot read properties of undefined (reading 'access_token') Cannot read properties of undefined (reading 'access_token')
2024-12-19T06:55:19.105Z [ERROR]: Cannot read properties of undefined (reading 'access_token') Cannot read properties of undefined (reading 'access_token')
2024-12-19T06:56:02.158Z [ERROR]: Cannot read properties of undefined (reading 'access_token') Cannot read properties of undefined (reading 'access_token')
2024-12-19T06:56:02.165Z [ERROR]: Cannot read properties of undefined (reading 'access_token') Cannot read properties of undefined (reading 'access_token')
2024-12-19T07:00:43.134Z [INFO]: Server running on port 8000
2024-12-19T07:00:43.173Z [INFO]: Connected to MongoDB
2024-12-19T07:01:11.064Z [INFO]: Server running on port 8000
2024-12-19T07:01:11.098Z [INFO]: Connected to MongoDB
2024-12-19T07:14:25.684Z [INFO]: Server running on port 8000
2024-12-19T07:14:25.717Z [INFO]: Connected to MongoDB
2024-12-19T07:15:59.984Z [INFO]: Server running on port 8000
2024-12-19T07:16:00.027Z [INFO]: Connected to MongoDB
2024-12-19T07:18:15.269Z [INFO]: Server running on port 8000
2024-12-19T07:18:15.328Z [INFO]: Connected to MongoDB
2024-12-19T07:30:28.216Z [INFO]: Server running on port 8000
2024-12-19T07:30:28.266Z [INFO]: Connected to MongoDB
2024-12-19T07:31:09.078Z [INFO]: Server running on port 8000
2024-12-19T07:31:09.130Z [INFO]: Connected to MongoDB
2024-12-19T07:31:58.546Z [INFO]: Server running on port 8000
2024-12-19T07:31:58.608Z [INFO]: Connected to MongoDB
2024-12-19T07:39:15.759Z [INFO]: Server running on port 8000
2024-12-19T07:39:15.815Z [INFO]: Connected to MongoDB
2024-12-19T07:40:37.262Z [INFO]: Server running on port 8000
2024-12-19T07:40:37.297Z [INFO]: Connected to MongoDB
2024-12-19T09:30:39.099Z [INFO]: Server running on port 8000
2024-12-19T09:30:39.138Z [INFO]: Connected to MongoDB
2024-12-19T09:30:46.184Z [INFO]: Server running on port 8000
2024-12-19T09:30:46.247Z [INFO]: Connected to MongoDB
2024-12-19T09:30:52.825Z [INFO]: Server running on port 8000
2024-12-19T09:30:52.991Z [INFO]: Connected to MongoDB
2024-12-19T09:31:55.907Z [INFO]: Server running on port 8000
2024-12-19T09:31:55.966Z [INFO]: Connected to MongoDB
2024-12-19T09:33:05.899Z [INFO]: Server running on port 8000
2024-12-19T09:33:05.938Z [INFO]: Connected to MongoDB
2024-12-19T09:33:11.446Z [INFO]: Server running on port 8000
2024-12-19T09:33:11.508Z [INFO]: Connected to MongoDB
2024-12-19T09:46:15.664Z [INFO]: Server running on port 8000
2024-12-19T09:46:15.745Z [INFO]: Connected to MongoDB
2024-12-19T09:46:45.267Z [INFO]: Server running on port 8000
2024-12-19T09:46:45.324Z [INFO]: Connected to MongoDB
2024-12-19T09:46:52.259Z [INFO]: Server running on port 8000
2024-12-19T09:46:52.330Z [INFO]: Connected to MongoDB
2024-12-19T09:59:34.467Z [INFO]: Server running on port 8000
2024-12-19T09:59:34.587Z [INFO]: Connected to MongoDB
2024-12-19T10:04:27.160Z [INFO]: Server running on port 8000
2024-12-19T10:04:27.202Z [INFO]: Connected to MongoDB
2024-12-19T10:05:18.699Z [INFO]: Server running on port 8000
2024-12-19T10:05:18.757Z [INFO]: Connected to MongoDB
2024-12-19T10:08:50.648Z [INFO]: Server running on port 8000
2024-12-19T10:08:50.760Z [INFO]: Connected to MongoDB
2024-12-19T10:21:28.966Z [INFO]: Server running on port 8000
2024-12-19T10:21:29.025Z [INFO]: Connected to MongoDB
2024-12-19T10:21:33.337Z [INFO]: Server running on port 8000
2024-12-19T10:21:33.395Z [INFO]: Connected to MongoDB
2024-12-19T10:32:06.205Z [INFO]: Server running on port 8000
2024-12-19T10:32:06.285Z [INFO]: Connected to MongoDB
2024-12-19T10:33:17.160Z [INFO]: Server running on port 8000
2024-12-19T10:33:17.263Z [INFO]: Connected to MongoDB
2024-12-19T10:33:35.055Z [INFO]: Server running on port 8000
2024-12-19T10:33:35.127Z [INFO]: Connected to MongoDB
2024-12-19T10:39:38.645Z [INFO]: Server running on port 8000
2024-12-19T10:39:38.693Z [INFO]: Connected to MongoDB
2024-12-19T10:41:10.921Z [INFO]: Server running on port 8000
2024-12-19T10:41:10.962Z [INFO]: Connected to MongoDB
2024-12-19T10:41:58.100Z [INFO]: Server running on port 8000
2024-12-19T10:41:58.186Z [INFO]: Connected to MongoDB
2024-12-19T10:44:31.532Z [INFO]: Server running on port 8000
2024-12-19T10:44:31.570Z [INFO]: Connected to MongoDB
2024-12-19T10:44:41.871Z [INFO]: Server running on port 8000
2024-12-19T10:44:41.896Z [INFO]: Connected to MongoDB
2024-12-19T10:44:54.687Z [INFO]: Server running on port 8000
2024-12-19T10:44:54.713Z [INFO]: Connected to MongoDB
2024-12-19T10:45:12.361Z [INFO]: Server running on port 8000
2024-12-19T10:45:12.395Z [INFO]: Connected to MongoDB
2024-12-19T10:51:36.180Z [INFO]: Server running on port 8000
2024-12-19T10:51:36.211Z [INFO]: Connected to MongoDB
2024-12-19T11:12:12.244Z [INFO]: Server running on port 8000
2024-12-19T11:12:12.285Z [INFO]: Connected to MongoDB
2024-12-19T11:14:32.654Z [INFO]: Server running on port 8000
2024-12-19T11:14:32.705Z [INFO]: Connected to MongoDB
2024-12-19T11:37:44.493Z [INFO]: Server running on port 8000
2024-12-19T11:37:44.533Z [INFO]: Connected to MongoDB
2024-12-19T12:06:25.657Z [INFO]: Server running on port 8000
2024-12-19T12:06:25.690Z [INFO]: Connected to MongoDB
2024-12-19T12:06:30.411Z [INFO]: Server running on port 8000
2024-12-19T12:06:30.553Z [INFO]: Connected to MongoDB
2024-12-19T12:15:12.938Z [INFO]: Server running on port 8000
2024-12-19T12:15:12.964Z [INFO]: Connected to MongoDB
2024-12-19T12:21:42.049Z [INFO]: Server running on port 8000
2024-12-19T12:21:42.097Z [INFO]: Connected to MongoDB
2024-12-19T12:23:48.395Z [INFO]: Server running on port 8000
2024-12-19T12:23:48.466Z [INFO]: Connected to MongoDB
2024-12-19T12:29:30.460Z [INFO]: Server running on port 8000
2024-12-19T12:29:30.495Z [INFO]: Connected to MongoDB
2024-12-19T12:29:42.336Z [INFO]: Server running on port 8000
2024-12-19T12:29:42.378Z [INFO]: Connected to MongoDB
2024-12-19T12:38:02.499Z [INFO]: Server running on port 8000
2024-12-19T12:38:02.525Z [INFO]: Connected to MongoDB
2024-12-19T12:43:52.487Z [INFO]: Server running on port 8000
2024-12-19T12:43:52.514Z [INFO]: Connected to MongoDB
2024-12-19T12:44:02.425Z [INFO]: Server running on port 8000
2024-12-19T12:44:02.478Z [INFO]: Connected to MongoDB
2024-12-19T12:44:17.072Z [INFO]: Server running on port 8000
2024-12-19T12:44:17.136Z [INFO]: Connected to MongoDB
2024-12-19T12:54:34.278Z [INFO]: Server running on port 8000
2024-12-19T12:54:34.306Z [INFO]: Connected to MongoDB
2024-12-19T12:55:22.715Z [INFO]: Server running on port 8000
2024-12-19T12:55:22.742Z [INFO]: Connected to MongoDB
2024-12-19T12:55:59.700Z [INFO]: Server running on port 8000
2024-12-19T12:55:59.757Z [INFO]: Connected to MongoDB
2024-12-19T12:56:17.521Z [INFO]: Server running on port 8000
2024-12-19T12:56:17.566Z [INFO]: Connected to MongoDB
2024-12-19T12:57:06.170Z [INFO]: Server running on port 8000
2024-12-19T12:57:06.226Z [INFO]: Connected to MongoDB
2024-12-19T12:57:44.168Z [INFO]: Server running on port 8000
2024-12-19T12:57:44.211Z [INFO]: Connected to MongoDB
2024-12-19T12:58:23.791Z [INFO]: Server running on port 8000
2024-12-19T12:58:23.853Z [INFO]: Connected to MongoDB
2024-12-19T12:59:39.504Z [INFO]: Server running on port 8000
2024-12-19T12:59:39.550Z [INFO]: Connected to MongoDB
2024-12-19T13:00:16.476Z [INFO]: Server running on port 8000
2024-12-19T13:00:16.523Z [INFO]: Connected to MongoDB
2024-12-19T13:00:21.575Z [INFO]: Server running on port 8000
2024-12-19T13:00:21.612Z [INFO]: Connected to MongoDB
2024-12-19T13:00:29.724Z [INFO]: Server running on port 8000
2024-12-19T13:00:29.772Z [INFO]: Connected to MongoDB
2024-12-19T13:00:45.045Z [INFO]: Server running on port 8000
2024-12-19T13:00:45.079Z [INFO]: Connected to MongoDB
2024-12-19T13:00:56.265Z [INFO]: Server running on port 8000
2024-12-19T13:00:56.316Z [INFO]: Connected to MongoDB
2024-12-19T13:01:43.261Z [INFO]: Server running on port 8000
2024-12-19T13:01:43.285Z [INFO]: Connected to MongoDB
2024-12-19T13:02:08.456Z [INFO]: Server running on port 8000
2024-12-19T13:02:08.491Z [INFO]: Connected to MongoDB
2024-12-19T13:02:11.719Z [INFO]: Server running on port 8000
2024-12-19T13:02:11.753Z [INFO]: Connected to MongoDB
2024-12-19T13:03:12.594Z [INFO]: Server running on port 8000
2024-12-19T13:03:12.707Z [INFO]: Connected to MongoDB
2024-12-19T13:03:28.500Z [INFO]: Server running on port 8000
2024-12-19T13:03:28.531Z [INFO]: Connected to MongoDB
2024-12-19T13:21:13.286Z [INFO]: Server running on port 8000
2024-12-19T13:21:13.551Z [INFO]: Connected to MongoDB
2024-12-19T13:25:43.471Z [INFO]: Server running on port 8000
2024-12-19T13:25:43.520Z [INFO]: Connected to MongoDB
2024-12-19T13:29:31.830Z [INFO]: Server running on port 8000
2024-12-19T13:29:31.906Z [INFO]: Connected to MongoDB
2024-12-19T17:24:02.647Z [INFO]: Server running on port 8000
2024-12-19T17:24:02.702Z [INFO]: Connected to MongoDB
2024-12-19T17:34:04.423Z [INFO]: Server running on port 8000
2024-12-19T17:34:04.485Z [INFO]: Connected to MongoDB
2024-12-19T18:35:16.052Z [INFO]: Server running on port 8000
2024-12-19T18:35:16.105Z [INFO]: Connected to MongoDB
2024-12-19T18:37:15.600Z [INFO]: Server running on port 8000
2024-12-19T18:37:15.665Z [INFO]: Connected to MongoDB
2024-12-19T18:37:55.346Z [INFO]: Connected to MongoDB
2024-12-19T18:38:20.259Z [INFO]: Connected to MongoDB
2024-12-19T18:38:34.832Z [INFO]: Connected to MongoDB
2024-12-20T10:28:27.370Z [INFO]: Connected to MongoDB
2024-12-20T10:29:18.441Z [INFO]: Server running on port 8000
2024-12-20T10:29:18.570Z [INFO]: Connected to MongoDB
2024-12-20T10:29:28.748Z [INFO]: Server running on port 8000
2024-12-20T10:29:28.815Z [INFO]: Connected to MongoDB
2024-12-20T10:35:00.597Z [INFO]: Server running on port 8000
2024-12-20T10:35:00.637Z [INFO]: Connected to MongoDB
2024-12-20T10:40:31.736Z [INFO]: Server running on port 8000
2024-12-20T10:40:31.781Z [INFO]: Connected to MongoDB
2024-12-20T10:41:22.605Z [INFO]: Server running on port 8000
2024-12-20T10:41:22.661Z [INFO]: Connected to MongoDB
2024-12-20T10:42:26.614Z [INFO]: Server running on port 8000
2024-12-20T10:42:26.675Z [INFO]: Connected to MongoDB
2024-12-20T10:42:34.932Z [INFO]: Server running on port 8000
2024-12-20T10:42:35.006Z [INFO]: Connected to MongoDB
2024-12-20T10:43:05.279Z [INFO]: Server running on port 8000
2024-12-20T10:43:05.546Z [INFO]: Connected to MongoDB
2024-12-20T10:49:23.088Z [INFO]: Server running on port 8000
2024-12-20T10:49:23.182Z [INFO]: Connected to MongoDB
2024-12-20T10:51:06.248Z [INFO]: Server running on port 8000
2024-12-20T10:51:06.336Z [INFO]: Connected to MongoDB
2024-12-20T10:51:35.985Z [INFO]: Server running on port 8000
2024-12-20T10:51:36.028Z [INFO]: Connected to MongoDB
2024-12-20T10:52:59.359Z [INFO]: Server running on port 8000
2024-12-20T10:52:59.392Z [INFO]: Connected to MongoDB
2024-12-20T10:53:03.396Z [INFO]: Server running on port 8000
2024-12-20T10:53:03.519Z [INFO]: Connected to MongoDB
2024-12-20T10:53:15.316Z [INFO]: Server running on port 8000
2024-12-20T10:53:15.455Z [INFO]: Connected to MongoDB
2024-12-20T10:55:06.829Z [INFO]: Server running on port 8000
2024-12-20T10:55:06.862Z [INFO]: Connected to MongoDB
2024-12-20T11:01:07.574Z [INFO]: Server running on port 8000
2024-12-20T11:01:07.656Z [INFO]: Connected to MongoDB
2024-12-20T11:04:54.924Z [INFO]: Server running on port 8000
2024-12-20T11:04:54.958Z [INFO]: Connected to MongoDB
2024-12-20T11:08:51.948Z [INFO]: Server running on port 8000
2024-12-20T11:08:52.006Z [INFO]: Connected to MongoDB
2024-12-20T11:43:07.031Z [INFO]: Server running on port 8000
2024-12-20T11:43:07.075Z [INFO]: Connected to MongoDB
2024-12-20T11:46:55.816Z [INFO]: Server running on port 8000
2024-12-20T11:46:55.852Z [INFO]: Connected to MongoDB
2024-12-20T11:47:17.247Z [INFO]: Server running on port 8000
2024-12-20T11:47:17.331Z [INFO]: Connected to MongoDB
2024-12-20T11:58:44.062Z [INFO]: Server running on port 8000
2024-12-20T11:58:44.095Z [INFO]: Connected to MongoDB
2024-12-20T11:59:47.745Z [INFO]: Server running on port 8000
2024-12-20T11:59:47.781Z [INFO]: Connected to MongoDB
2024-12-20T11:59:57.496Z [INFO]: Server running on port 8000
2024-12-20T11:59:57.543Z [INFO]: Connected to MongoDB
2024-12-20T12:03:36.477Z [INFO]: Server running on port 8000
2024-12-20T12:03:36.533Z [INFO]: Connected to MongoDB
2024-12-20T12:11:54.113Z [INFO]: Server running on port 8000
2024-12-20T12:11:54.151Z [INFO]: Connected to MongoDB
2024-12-20T12:12:37.746Z [INFO]: Server running on port 8000
2024-12-20T12:12:37.805Z [INFO]: Connected to MongoDB
2024-12-20T12:14:14.470Z [INFO]: Server running on port 8000
2024-12-20T12:14:14.521Z [INFO]: Connected to MongoDB
2024-12-20T12:16:50.291Z [INFO]: Server running on port 8000
2024-12-20T12:16:50.367Z [INFO]: Connected to MongoDB
2024-12-20T12:21:15.096Z [INFO]: Server running on port 8000
2024-12-20T12:21:15.142Z [INFO]: Connected to MongoDB
2024-12-20T12:21:19.055Z [INFO]: Server running on port 8000
2024-12-20T12:21:19.090Z [INFO]: Connected to MongoDB
2024-12-20T17:06:17.124Z [INFO]: Server running on port 8000
2024-12-20T17:06:17.180Z [INFO]: Connected to MongoDB
2024-12-21T16:47:26.898Z [INFO]: Server running on port 8000
2024-12-21T16:47:27.042Z [INFO]: Connected to MongoDB
2024-12-22T16:55:55.832Z [INFO]: Server running on port 8000
2024-12-22T16:55:55.892Z [INFO]: Connected to MongoDB
2024-12-24T17:05:30.130Z [INFO]: Server running on port 8000
2024-12-24T17:06:09.553Z [ERROR]: Could not connect to MongoDB Could not connect to any servers in your MongoDB Atlas cluster. One common reason is that you're trying to access the database from an IP that isn't whitelisted. Make sure your current IP address is on your Atlas cluster's IP whitelist: https://www.mongodb.com/docs/atlas/security-whitelist/
2024-12-24T17:06:24.398Z [INFO]: Server running on port 8000
2024-12-24T17:06:48.022Z [INFO]: Connected to MongoDB
2024-12-24T17:29:22.586Z [INFO]: Server running on port 8000
2024-12-24T17:29:34.918Z [INFO]: Server running on port 8000
2024-12-24T17:30:05.539Z [ERROR]: Could not connect to MongoDB Could not connect to any servers in your MongoDB Atlas cluster. One common reason is that you're trying to access the database from an IP that isn't whitelisted. Make sure your current IP address is on your Atlas cluster's IP whitelist: https://www.mongodb.com/docs/atlas/security-whitelist/
2024-12-24T17:31:50.710Z [INFO]: Server running on port 8000
2024-12-24T17:32:34.547Z [ERROR]: Could not connect to MongoDB Could not connect to any servers in your MongoDB Atlas cluster. One common reason is that you're trying to access the database from an IP that isn't whitelisted. Make sure your current IP address is on your Atlas cluster's IP whitelist: https://www.mongodb.com/docs/atlas/security-whitelist/
2024-12-24T18:07:32.844Z [INFO]: Server running on port 8000
2024-12-25T06:08:42.325Z [INFO]: Server running on port 8000
2024-12-25T06:14:24.863Z [INFO]: Server running on port 8000
2024-12-25T06:14:54.956Z [ERROR]: Could not connect to MongoDB Could not connect to any servers in your MongoDB Atlas cluster. One common reason is that you're trying to access the database from an IP that isn't whitelisted. Make sure your current IP address is on your Atlas cluster's IP whitelist: https://www.mongodb.com/docs/atlas/security-whitelist/
2024-12-25T06:38:02.764Z [INFO]: Server running on port 8000
2024-12-25T06:38:09.198Z [INFO]: Connected to MongoDB
2024-12-25T06:51:08.053Z [INFO]: Server running on port 8000
2024-12-25T06:51:11.658Z [INFO]: Connected to MongoDB
2024-12-25T06:51:15.521Z [INFO]: Server running on port 8000
2024-12-25T06:51:22.397Z [INFO]: Connected to MongoDB
2025-01-05T07:51:57.457Z [INFO]: Server running on port 8000
2025-01-05T07:52:27.548Z [ERROR]: Could not connect to MongoDB Could not connect to any servers in your MongoDB Atlas cluster. One common reason is that you're trying to access the database from an IP that isn't whitelisted. Make sure your current IP address is on your Atlas cluster's IP whitelist: https://www.mongodb.com/docs/atlas/security-whitelist/
2025-01-05T07:57:45.961Z [INFO]: Server running on port 8000
2025-01-05T07:57:47.396Z [INFO]: Connected to MongoDB
2025-01-05T07:59:24.149Z [INFO]: Server running on port 8000
2025-01-05T07:59:26.450Z [INFO]: Connected to MongoDB
2025-01-05T08:08:16.285Z [INFO]: Server running on port 8000
2025-01-05T08:08:20.515Z [INFO]: Connected to MongoDB
2025-01-05T08:08:29.694Z [INFO]: Server running on port 8000
2025-01-05T08:08:32.768Z [INFO]: Connected to MongoDB
2025-01-05T08:15:22.633Z [INFO]: Server running on port 8000
2025-01-05T08:15:24.139Z [INFO]: Connected to MongoDB
2025-01-05T08:16:03.950Z [INFO]: Server running on port 8000
2025-01-05T08:16:05.819Z [INFO]: Connected to MongoDB
2025-01-05T08:16:08.072Z [INFO]: Server running on port 8000
2025-01-05T08:16:12.332Z [INFO]: Connected to MongoDB
2025-01-05T08:21:49.267Z [INFO]: Server running on port 8000
2025-01-05T08:21:52.170Z [INFO]: Server running on port 8000
2025-01-05T08:21:57.886Z [INFO]: Connected to MongoDB
2025-01-05T08:22:14.971Z [INFO]: Server running on port 8000
2025-01-05T08:22:16.604Z [INFO]: Connected to MongoDB
2025-01-05T08:23:24.165Z [INFO]: Server running on port 8000
2025-01-05T08:23:25.854Z [INFO]: Connected to MongoDB
2025-01-05T08:23:46.269Z [INFO]: Server running on port 8000
2025-01-05T08:23:47.559Z [INFO]: Connected to MongoDB
2025-01-05T08:29:35.316Z [INFO]: Server running on port 8000
2025-01-05T08:29:38.408Z [INFO]: Connected to MongoDB
2025-01-05T08:47:33.504Z [INFO]: Server running on port 8000
2025-01-05T08:47:37.305Z [INFO]: Connected to MongoDB
2025-01-05T08:51:09.756Z [INFO]: Server running on port 8000
2025-01-05T08:51:14.410Z [INFO]: Connected to MongoDB
2025-01-05T08:55:45.844Z [INFO]: Server running on port 8000
2025-01-05T08:55:52.164Z [INFO]: Connected to MongoDB
2025-01-05T08:57:19.509Z [INFO]: Server running on port 8000
2025-01-05T08:57:22.698Z [INFO]: Connected to MongoDB
2025-01-05T09:01:29.923Z [INFO]: Server running on port 8000
2025-01-05T09:01:36.531Z [INFO]: Connected to MongoDB
2025-01-05T09:12:45.586Z [INFO]: Server running on port 8000
2025-01-05T09:12:47.415Z [INFO]: Connected to MongoDB
2025-01-05T09:15:40.641Z [INFO]: Server running on port 8000
2025-01-05T09:15:45.946Z [INFO]: Connected to MongoDB
2025-01-05T10:15:27.581Z [INFO]: Server running on port 8000
2025-01-05T10:15:30.578Z [INFO]: Connected to MongoDB
2025-01-05T10:17:08.696Z [INFO]: Server running on port 8000
2025-01-05T10:17:13.427Z [INFO]: Connected to MongoDB
2025-01-05T10:21:46.907Z [INFO]: Server running on port 8000
2025-01-05T10:21:48.666Z [INFO]: Connected to MongoDB
2025-01-05T10:25:32.984Z [INFO]: Server running on port 8000
2025-01-05T10:25:38.244Z [INFO]: Connected to MongoDB
2025-01-05T10:26:00.101Z [INFO]: Server running on port 8000
2025-01-05T10:26:01.577Z [INFO]: Connected to MongoDB
2025-01-05T10:26:06.192Z [INFO]: Server running on port 8000
2025-01-05T10:26:07.473Z [INFO]: Connected to MongoDB
2025-01-05T10:26:16.162Z [INFO]: Server running on port 8000
2025-01-05T10:26:18.330Z [INFO]: Connected to MongoDB
2025-01-05T13:47:57.393Z [INFO]: Server running on port 8000
2025-01-05T13:47:58.914Z [INFO]: Connected to MongoDB
2025-01-05T13:48:07.892Z [INFO]: Server running on port 8000
2025-01-05T13:48:12.176Z [INFO]: Connected to MongoDB
2025-01-05T18:54:06.536Z [INFO]: Server running on port 8000
2025-01-05T18:54:19.514Z [INFO]: Connected to MongoDB
2025-01-06T06:40:20.107Z [INFO]: Server running on port 8000
2025-01-06T06:40:22.219Z [INFO]: Connected to MongoDB
2025-01-06T07:09:14.022Z [INFO]: Server running on port 8000
2025-01-06T07:09:15.749Z [INFO]: Connected to MongoDB
2025-01-06T15:50:07.199Z [INFO]: Server running on port 8000
2025-01-06T15:50:08.439Z [INFO]: Connected to MongoDB
2025-01-06T17:18:21.017Z [INFO]: Server running on port 8000
2025-01-06T17:18:52.139Z [ERROR]: Could not connect to MongoDB Could not connect to any servers in your MongoDB Atlas cluster. One common reason is that you're trying to access the database from an IP that isn't whitelisted. Make sure your current IP address is on your Atlas cluster's IP whitelist: https://www.mongodb.com/docs/atlas/security-whitelist/
2025-01-06T18:07:32.717Z [INFO]: Server running on port 8000
2025-01-06T18:08:02.207Z [ERROR]: Could not connect to MongoDB read ECONNRESET
2025-01-06T18:08:22.074Z [INFO]: Server running on port 8000
2025-01-07T09:43:22.971Z [INFO]: Server running on port 8000
2025-01-07T09:44:06.570Z [INFO]: Server running on port 8000
2025-01-07T09:44:39.685Z [INFO]: Server running on port 8000
2025-01-07T09:45:02.976Z [ERROR]: Could not connect to MongoDB querySrv ETIMEOUT _mongodb._tcp.test.gvdcm.mongodb.net
2025-01-07T09:45:44.406Z [INFO]: Server running on port 8000
2025-01-07T09:45:45.489Z [INFO]: Connected to MongoDB
2025-01-07T10:08:45.922Z [INFO]: Server running on port 8000
2025-01-07T10:08:47.979Z [INFO]: Connected to MongoDB
2025-01-07T10:09:16.575Z [INFO]: Server running on port 8000
2025-01-07T10:09:19.918Z [INFO]: Connected to MongoDB
2025-01-07T10:10:33.771Z [INFO]: Server running on port 8000
2025-01-07T10:10:35.669Z [INFO]: Connected to MongoDB
2025-01-07T10:12:55.474Z [INFO]: Server running on port 8000
2025-01-07T10:12:56.882Z [INFO]: Connected to MongoDB
2025-01-07T10:22:18.740Z [INFO]: Server running on port 8000
2025-01-07T10:22:19.913Z [INFO]: Connected to MongoDB
2025-01-07T10:27:17.139Z [INFO]: Server running on port 8000
2025-01-07T10:27:18.560Z [INFO]: Connected to MongoDB
2025-01-07T10:48:26.139Z [INFO]: Server running on port 8000
2025-01-07T10:48:29.908Z [INFO]: Connected to MongoDB
2025-01-07T10:51:44.971Z [INFO]: Server running on port 8000
2025-01-07T10:51:46.206Z [INFO]: Connected to MongoDB
2025-01-07T10:52:46.514Z [INFO]: Server running on port 8000
2025-01-07T10:52:48.998Z [INFO]: Connected to MongoDB
2025-01-07T10:53:06.839Z [INFO]: Server running on port 8000
2025-01-07T10:53:08.019Z [INFO]: Connected to MongoDB
2025-01-07T10:53:17.315Z [INFO]: Server running on port 8000
2025-01-07T10:53:18.444Z [INFO]: Connected to MongoDB
2025-01-07T10:53:33.824Z [INFO]: Server running on port 8000
2025-01-07T10:53:34.846Z [INFO]: Connected to MongoDB
2025-01-07T10:55:13.935Z [INFO]: Server running on port 8000
2025-01-07T10:55:15.063Z [INFO]: Connected to MongoDB
2025-01-07T10:55:47.132Z [INFO]: Server running on port 8000
2025-01-07T10:55:48.323Z [INFO]: Connected to MongoDB
2025-01-07T10:56:52.892Z [INFO]: Server running on port 8000
2025-01-07T10:56:55.673Z [INFO]: Connected to MongoDB
2025-01-07T10:57:01.241Z [INFO]: Server running on port 8000
2025-01-07T10:57:02.348Z [INFO]: Connected to MongoDB
2025-01-07T10:57:26.012Z [INFO]: Server running on port 8000
2025-01-07T10:57:29.102Z [INFO]: Connected to MongoDB
2025-01-07T10:57:40.143Z [INFO]: Server running on port 8000
2025-01-07T10:57:41.367Z [INFO]: Connected to MongoDB
2025-01-07T11:09:37.270Z [INFO]: Server running on port 8000
2025-01-07T11:09:40.839Z [INFO]: Connected to MongoDB
2025-01-07T11:10:18.597Z [INFO]: Server running on port 8000
2025-01-07T11:10:19.870Z [INFO]: Connected to MongoDB
2025-01-07T11:10:31.817Z [INFO]: Server running on port 8000
2025-01-07T11:10:32.848Z [INFO]: Connected to MongoDB
2025-01-07T11:10:35.288Z [INFO]: Server running on port 8000
2025-01-07T11:10:36.441Z [INFO]: Connected to MongoDB
2025-01-07T11:13:17.668Z [INFO]: Server running on port 8000
2025-01-07T11:13:24.210Z [INFO]: Server running on port 8000
2025-01-07T11:13:25.422Z [INFO]: Connected to MongoDB
2025-01-07T11:15:50.689Z [INFO]: Server running on port 8000
2025-01-07T11:15:51.996Z [INFO]: Connected to MongoDB
2025-01-07T11:26:50.513Z [INFO]: Server running on port 8000
2025-01-07T11:26:52.376Z [INFO]: Connected to MongoDB
2025-01-07T11:29:38.827Z [INFO]: Server running on port 8000
2025-01-07T11:29:42.436Z [INFO]: Connected to MongoDB
2025-01-07T11:29:54.921Z [INFO]: Server running on port 8000
2025-01-07T11:29:56.191Z [INFO]: Connected to MongoDB
2025-01-07T11:32:17.698Z [INFO]: Server running on port 8000
2025-01-07T11:32:19.277Z [INFO]: Connected to MongoDB
2025-01-07T11:32:29.123Z [INFO]: Server running on port 8000
2025-01-07T11:32:30.306Z [INFO]: Connected to MongoDB
2025-01-07T11:34:41.636Z [INFO]: Server running on port 8000
2025-01-07T11:35:02.638Z [INFO]: Server running on port 8000
2025-01-07T11:35:21.835Z [ERROR]: Could not connect to MongoDB querySrv ETIMEOUT _mongodb._tcp.test.gvdcm.mongodb.net
2025-01-07T11:36:42.352Z [INFO]: Server running on port 8000
2025-01-07T11:36:44.037Z [INFO]: Connected to MongoDB
2025-01-07T11:50:11.304Z [INFO]: Server running on port 8000
2025-01-07T11:50:12.618Z [INFO]: Connected to MongoDB
2025-01-07T11:50:42.469Z [INFO]: Server running on port 8000
2025-01-07T11:50:44.185Z [INFO]: Connected to MongoDB
2025-01-07T11:54:44.538Z [INFO]: Server running on port 8000
2025-01-07T11:54:46.102Z [INFO]: Connected to MongoDB
2025-01-07T12:00:10.585Z [INFO]: Server running on port 8000
2025-01-07T12:00:13.723Z [INFO]: Connected to MongoDB
2025-01-07T12:00:19.560Z [INFO]: Server running on port 8000
2025-01-07T12:00:20.583Z [INFO]: Connected to MongoDB
2025-01-07T12:17:51.088Z [INFO]: Server running on port 8000
2025-01-07T12:17:52.782Z [INFO]: Connected to MongoDB
2025-01-07T12:17:57.941Z [INFO]: Server running on port 8000
2025-01-07T12:17:59.113Z [INFO]: Connected to MongoDB
2025-01-07T12:21:48.713Z [INFO]: Server running on port 8000
2025-01-07T12:21:50.476Z [INFO]: Connected to MongoDB
2025-01-07T12:21:55.780Z [INFO]: Server running on port 8000
2025-01-07T12:21:56.942Z [INFO]: Connected to MongoDB
2025-01-07T12:27:56.149Z [INFO]: Server running on port 8000
2025-01-07T12:27:57.962Z [INFO]: Connected to MongoDB
2025-01-07T12:28:54.968Z [INFO]: Server running on port 8000
2025-01-07T12:28:56.147Z [INFO]: Connected to MongoDB
2025-01-07T12:31:40.773Z [INFO]: Server running on port 8000
2025-01-07T12:31:41.995Z [INFO]: Connected to MongoDB
2025-01-07T12:32:03.307Z [INFO]: Server running on port 8000
2025-01-07T12:32:04.373Z [INFO]: Connected to MongoDB
2025-01-07T12:38:28.911Z [INFO]: Server running on port 8000
2025-01-07T12:38:30.927Z [INFO]: Connected to MongoDB
2025-01-07T12:38:47.611Z [INFO]: Server running on port 8000
2025-01-07T12:38:48.956Z [INFO]: Connected to MongoDB
2025-01-07T12:39:02.903Z [INFO]: Server running on port 8000
2025-01-07T12:39:04.204Z [INFO]: Connected to MongoDB
2025-01-07T12:40:00.565Z [INFO]: Server running on port 8000
2025-01-07T12:40:01.806Z [INFO]: Connected to MongoDB
2025-01-07T12:40:55.009Z [INFO]: Server running on port 8000
2025-01-07T12:40:57.998Z [INFO]: Connected to MongoDB
2025-01-07T12:41:05.632Z [INFO]: Server running on port 8000
2025-01-07T12:41:06.882Z [INFO]: Connected to MongoDB
2025-01-07T12:41:24.417Z [INFO]: Server running on port 8000
2025-01-07T12:41:25.742Z [INFO]: Connected to MongoDB
2025-01-07T12:42:45.781Z [INFO]: Server running on port 8000
2025-01-07T12:42:47.213Z [INFO]: Connected to MongoDB
2025-01-07T12:43:26.580Z [INFO]: Server running on port 8000
2025-01-07T12:43:27.624Z [INFO]: Connected to MongoDB
2025-01-07T12:43:52.726Z [INFO]: Server running on port 8000
2025-01-07T12:43:54.376Z [INFO]: Connected to MongoDB
2025-01-07T12:50:58.454Z [INFO]: Server running on port 8000
2025-01-07T12:50:59.602Z [INFO]: Connected to MongoDB
2025-01-07T12:51:04.321Z [INFO]: Server running on port 8000
2025-01-07T12:51:05.335Z [INFO]: Connected to MongoDB
2025-01-07T12:52:08.227Z [INFO]: Server running on port 8000
2025-01-07T12:52:09.739Z [INFO]: Connected to MongoDB
2025-01-07T12:52:42.917Z [INFO]: Server running on port 8000
2025-01-07T12:52:44.869Z [INFO]: Server running on port 8000
2025-01-07T12:52:45.961Z [INFO]: Connected to MongoDB
2025-01-07T13:15:17.675Z [INFO]: Server running on port 8000
2025-01-07T13:15:19.057Z [INFO]: Connected to MongoDB
2025-01-07T13:23:13.033Z [INFO]: Server running on port 8000
2025-01-07T13:23:14.701Z [INFO]: Connected to MongoDB
2025-01-07T13:24:34.635Z [INFO]: Server running on port 8000
2025-01-07T13:24:36.520Z [INFO]: Connected to MongoDB
2025-01-07T13:24:46.833Z [INFO]: Server running on port 8000
2025-01-07T13:24:48.452Z [INFO]: Connected to MongoDB
2025-01-07T13:27:40.425Z [INFO]: Server running on port 8000
2025-01-07T13:28:02.702Z [ERROR]: Could not connect to MongoDB queryTxt ETIMEOUT test.gvdcm.mongodb.net
2025-01-07T13:28:40.665Z [INFO]: Server running on port 8000
2025-01-07T13:28:42.057Z [INFO]: Connected to MongoDB
2025-01-07T13:32:26.421Z [INFO]: Server running on port 8000
2025-01-07T13:32:27.632Z [INFO]: Connected to MongoDB
2025-01-07T14:17:02.531Z [INFO]: Server running on port 8000
2025-01-07T14:17:03.888Z [INFO]: Connected to MongoDB
2025-01-07T14:24:37.759Z [INFO]: Server running on port 8000
2025-01-07T14:24:39.140Z [INFO]: Connected to MongoDB
2025-01-07T14:24:41.596Z [INFO]: Server running on port 8000
2025-01-07T14:24:42.910Z [INFO]: Connected to MongoDB
2025-01-07T16:09:10.524Z [INFO]: Server running on port 8000
2025-01-07T16:09:11.752Z [INFO]: Connected to MongoDB
2025-01-07T16:09:57.966Z [INFO]: Server running on port 8000
2025-01-07T16:09:59.048Z [INFO]: Connected to MongoDB
2025-01-07T16:16:10.371Z [INFO]: Server running on port 8000
2025-01-07T16:16:11.871Z [INFO]: Connected to MongoDB
2025-01-07T16:22:40.354Z [INFO]: Server running on port 8000
2025-01-07T16:22:41.970Z [INFO]: Connected to MongoDB
2025-01-07T16:23:11.030Z [INFO]: Server running on port 8000
2025-01-07T16:23:12.209Z [INFO]: Connected to MongoDB
2025-01-07T16:56:15.949Z [INFO]: Server running on port 8000
2025-01-07T16:56:17.188Z [INFO]: Connected to MongoDB
2025-01-07T17:18:45.440Z [INFO]: Server running on port 8000
2025-01-07T17:18:58.449Z [INFO]: Connected to MongoDB
2025-01-08T07:07:06.863Z [INFO]: Server running on port 8000
2025-01-08T07:07:07.880Z [INFO]: Connected to MongoDB
2025-01-08T07:09:30.591Z [INFO]: Server running on port 8000
2025-01-08T07:09:31.766Z [INFO]: Connected to MongoDB
2025-01-08T07:11:47.556Z [INFO]: Server running on port 8000
2025-01-08T07:11:49.220Z [INFO]: Connected to MongoDB
2025-01-08T07:13:08.649Z [INFO]: Server running on port 8000
2025-01-08T07:13:10.008Z [INFO]: Connected to MongoDB
2025-01-08T07:59:05.928Z [INFO]: Server running on port 8000
2025-01-08T07:59:07.183Z [INFO]: Connected to MongoDB
2025-01-08T08:38:28.283Z [INFO]: Server running on port 8000
2025-01-08T08:38:32.015Z [INFO]: Connected to MongoDB
2025-01-08T08:39:30.433Z [INFO]: Server running on port 8000
2025-01-08T08:39:33.219Z [INFO]: Connected to MongoDB
2025-01-08T08:43:01.514Z [INFO]: Server running on port 8000
2025-01-08T08:43:02.880Z [INFO]: Connected to MongoDB
2025-01-08T08:43:23.611Z [INFO]: Server running on port 8000
2025-01-08T08:43:24.965Z [INFO]: Connected to MongoDB
2025-01-08T08:43:46.735Z [INFO]: Server running on port 8000
2025-01-08T08:43:47.879Z [INFO]: Connected to MongoDB
2025-01-08T08:44:04.078Z [INFO]: Server running on port 8000
2025-01-08T08:44:05.395Z [INFO]: Connected to MongoDB
2025-01-08T08:46:19.604Z [INFO]: Server running on port 8000
2025-01-08T08:46:21.073Z [INFO]: Connected to MongoDB
2025-01-08T08:50:06.541Z [INFO]: Server running on port 8000
2025-01-08T08:50:07.699Z [INFO]: Connected to MongoDB
2025-01-08T09:00:39.140Z [INFO]: Server running on port 8000
2025-01-08T09:00:40.433Z [INFO]: Connected to MongoDB
2025-01-08T09:01:55.243Z [INFO]: Server running on port 8000
2025-01-08T09:01:56.494Z [INFO]: Connected to MongoDB
2025-01-08T09:02:05.677Z [INFO]: Server running on port 8000
2025-01-08T09:02:06.723Z [INFO]: Connected to MongoDB
2025-01-08T09:02:28.220Z [INFO]: Server running on port 8000
2025-01-08T09:02:29.610Z [INFO]: Connected to MongoDB
2025-01-08T09:02:53.766Z [INFO]: Server running on port 8000
2025-01-08T09:02:54.761Z [INFO]: Connected to MongoDB
2025-01-08T09:04:12.208Z [INFO]: Server running on port 8000
2025-01-08T09:04:13.369Z [INFO]: Connected to MongoDB
2025-01-08T09:04:58.722Z [INFO]: Server running on port 8000
2025-01-08T09:04:59.912Z [INFO]: Connected to MongoDB
2025-01-08T09:05:25.905Z [INFO]: Server running on port 8000
2025-01-08T09:05:27.508Z [INFO]: Connected to MongoDB
2025-01-08T09:06:04.819Z [INFO]: Server running on port 8000
2025-01-08T09:06:05.883Z [INFO]: Connected to MongoDB
2025-01-08T09:06:23.717Z [INFO]: Server running on port 8000
2025-01-08T09:06:24.990Z [INFO]: Connected to MongoDB
2025-01-08T09:06:57.174Z [INFO]: Server running on port 8000
2025-01-08T09:06:58.154Z [INFO]: Connected to MongoDB
2025-01-08T09:07:19.846Z [INFO]: Server running on port 8000
2025-01-08T09:07:20.916Z [INFO]: Connected to MongoDB
2025-01-08T09:07:36.681Z [INFO]: Server running on port 8000
2025-01-08T09:07:38.076Z [INFO]: Connected to MongoDB
2025-01-08T09:38:21.811Z [INFO]: Server running on port 8000
2025-01-08T09:38:23.711Z [INFO]: Connected to MongoDB
2025-01-08T09:58:07.832Z [INFO]: Server running on port 8000
2025-01-08T09:58:09.013Z [INFO]: Connected to MongoDB
2025-01-08T10:12:26.198Z [INFO]: Server running on port 8000
2025-01-08T10:12:27.640Z [INFO]: Connected to MongoDB
2025-01-08T10:13:05.220Z [INFO]: Server running on port 8000
2025-01-08T10:13:06.487Z [INFO]: Connected to MongoDB
2025-01-08T10:13:25.107Z [INFO]: Server running on port 8000
2025-01-08T10:13:29.799Z [INFO]: Server running on port 8000
2025-01-08T10:13:34.159Z [INFO]: Connected to MongoDB
2025-01-28T05:44:59.607Z [INFO]: Server running on port 3000
2025-01-28T05:45:01.668Z [INFO]: Connected to MongoDB
2025-01-28T05:45:17.531Z [ERROR]: Not allowed by CORS Not allowed by CORS
2025-01-28T05:45:27.115Z [ERROR]: Not allowed by CORS Not allowed by CORS
2025-01-28T05:46:29.408Z [INFO]: Server running on port 8000
2025-01-28T05:46:31.340Z [INFO]: Connected to MongoDB
2025-01-28T05:58:08.013Z [INFO]: Server running on port 8000
2025-01-28T05:58:10.383Z [INFO]: Connected to MongoDB
2025-01-28T06:00:44.780Z [INFO]: Server running on port 8000
2025-01-28T06:00:47.915Z [INFO]: Connected to MongoDB
2025-01-28T06:09:16.339Z [INFO]: Server running on port 8000
2025-01-28T06:09:18.343Z [INFO]: Connected to MongoDB
2025-01-28T06:14:31.194Z [INFO]: Server running on port 8000
2025-01-28T06:14:33.172Z [INFO]: Connected to MongoDB
2025-01-28T06:14:39.756Z [INFO]: Server running on port 8000
2025-01-28T06:14:40.977Z [INFO]: Connected to MongoDB
2025-01-28T06:15:20.662Z [INFO]: Server running on port 8000
2025-01-28T06:15:21.602Z [INFO]: Connected to MongoDB
2025-01-28T06:19:50.313Z [INFO]: Server running on port 8000
2025-01-28T06:19:52.219Z [INFO]: Connected to MongoDB
2025-01-28T07:23:58.022Z [INFO]: Connected to MongoDB
2025-01-28T07:24:47.882Z [INFO]: Server running on port 8000
2025-01-28T07:24:51.233Z [INFO]: Connected to MongoDB
2025-01-28T07:30:17.727Z [INFO]: Server running on port 8000
2025-01-28T07:30:19.441Z [INFO]: Connected to MongoDB
2025-01-28T07:30:45.014Z [INFO]: Server running on port 8000
2025-01-28T07:30:45.963Z [INFO]: Connected to MongoDB
2025-01-28T07:40:33.765Z [INFO]: Server running on port 8000
2025-01-28T07:40:37.244Z [INFO]: Connected to MongoDB
2025-01-28T07:44:47.604Z [INFO]: Server running on port 8000
2025-01-28T07:45:01.534Z [INFO]: Connected to MongoDB
2025-01-28T08:17:47.545Z [INFO]: Server running on port 8000
2025-01-28T08:17:49.094Z [INFO]: Connected to MongoDB
2025-01-28T08:18:14.940Z [INFO]: Server running on port 8000
2025-01-28T08:18:16.193Z [INFO]: Connected to MongoDB
2025-01-28T08:23:25.440Z [INFO]: Server running on port 8000
2025-01-28T08:23:28.409Z [INFO]: Connected to MongoDB
2025-01-28T08:37:30.951Z [INFO]: Server running on port 8000
2025-01-28T08:37:32.571Z [INFO]: Connected to MongoDB
2025-01-28T08:38:10.866Z [INFO]: Server running on port 8000
2025-01-28T08:38:11.989Z [INFO]: Connected to MongoDB
2025-01-28T08:40:50.523Z [INFO]: Server running on port 8000
2025-01-28T08:41:01.424Z [INFO]: Server running on port 8000
2025-01-28T08:41:02.432Z [INFO]: Connected to MongoDB
2025-01-28T08:41:18.759Z [ERROR]: ENOENT: no such file or directory, stat 'C:\Users\Andrew\Desktop\Web development\INTERIOR-DESIGNS\404.html' ENOENT: no such file or directory, stat 'C:\Users\Andrew\Desktop\Web development\INTERIOR-DESIGNS\404.html'
2025-01-28T08:41:22.683Z [ERROR]: ENOENT: no such file or directory, stat 'C:\Users\Andrew\Desktop\Web development\INTERIOR-DESIGNS\404.html' ENOENT: no such file or directory, stat 'C:\Users\Andrew\Desktop\Web development\INTERIOR-DESIGNS\404.html'
2025-01-28T08:41:31.560Z [ERROR]: ENOENT: no such file or directory, stat 'C:\Users\Andrew\Desktop\Web development\INTERIOR-DESIGNS\404.html' ENOENT: no such file or directory, stat 'C:\Users\Andrew\Desktop\Web development\INTERIOR-DESIGNS\404.html'
2025-01-28T08:41:31.568Z [ERROR]: ENOENT: no such file or directory, stat 'C:\Users\Andrew\Desktop\Web development\INTERIOR-DESIGNS\404.html' ENOENT: no such file or directory, stat 'C:\Users\Andrew\Desktop\Web development\INTERIOR-DESIGNS\404.html'
2025-01-28T08:41:31.573Z [ERROR]: ENOENT: no such file or directory, stat 'C:\Users\Andrew\Desktop\Web development\INTERIOR-DESIGNS\404.html' ENOENT: no such file or directory, stat 'C:\Users\Andrew\Desktop\Web development\INTERIOR-DESIGNS\404.html'
2025-01-28T08:41:31.579Z [ERROR]: ENOENT: no such file or directory, stat 'C:\Users\Andrew\Desktop\Web development\INTERIOR-DESIGNS\404.html' ENOENT: no such file or directory, stat 'C:\Users\Andrew\Desktop\Web development\INTERIOR-DESIGNS\404.html'
2025-01-28T08:41:38.300Z [ERROR]: ENOENT: no such file or directory, stat 'C:\Users\Andrew\Desktop\Web development\INTERIOR-DESIGNS\404.html' ENOENT: no such file or directory, stat 'C:\Users\Andrew\Desktop\Web development\INTERIOR-DESIGNS\404.html'
2025-01-28T08:43:57.390Z [INFO]: Server running on port 8000
2025-01-28T08:43:58.862Z [INFO]: Connected to MongoDB
2025-01-28T08:44:04.088Z [INFO]: Server running on port 8000
2025-01-28T08:44:05.031Z [INFO]: Connected to MongoDB
2025-01-28T08:44:18.265Z [ERROR]: ENOENT: no such file or directory, stat 'C:\Users\Andrew\Desktop\Web development\INTERIOR-DESIGNS\unauthorized.html' ENOENT: no such file or directory, stat 'C:\Users\Andrew\Desktop\Web development\INTERIOR-DESIGNS\unauthorized.html'
2025-01-28T08:44:18.408Z [ERROR]: ENOENT: no such file or directory, stat 'C:\Users\Andrew\Desktop\Web development\INTERIOR-DESIGNS\404.html' ENOENT: no such file or directory, stat 'C:\Users\Andrew\Desktop\Web development\INTERIOR-DESIGNS\404.html'
2025-01-28T08:45:00.447Z [INFO]: Server running on port 8000
2025-01-28T08:45:01.950Z [INFO]: Connected to MongoDB
2025-01-28T08:45:07.743Z [ERROR]: ENOENT: no such file or directory, stat 'C:\Users\Andrew\Desktop\Web development\INTERIOR-DESIGNS\404' ENOENT: no such file or directory, stat 'C:\Users\Andrew\Desktop\Web development\INTERIOR-DESIGNS\404'
2025-01-28T08:45:12.556Z [ERROR]: ENOENT: no such file or directory, stat 'C:\Users\Andrew\Desktop\Web development\INTERIOR-DESIGNS\unauthorized' ENOENT: no such file or directory, stat 'C:\Users\Andrew\Desktop\Web development\INTERIOR-DESIGNS\unauthorized'
2025-01-28T08:45:26.767Z [ERROR]: ENOENT: no such file or directory, stat 'C:\Users\Andrew\Desktop\Web development\INTERIOR-DESIGNS\404' ENOENT: no such file or directory, stat 'C:\Users\Andrew\Desktop\Web development\INTERIOR-DESIGNS\404'
2025-01-28T08:45:31.998Z [ERROR]: ENOENT: no such file or directory, stat 'C:\Users\Andrew\Desktop\Web development\INTERIOR-DESIGNS\404' ENOENT: no such file or directory, stat 'C:\Users\Andrew\Desktop\Web development\INTERIOR-DESIGNS\404'
2025-01-28T08:46:17.741Z [ERROR]: ENOENT: no such file or directory, stat 'C:\Users\Andrew\Desktop\Web development\INTERIOR-DESIGNS\404' ENOENT: no such file or directory, stat 'C:\Users\Andrew\Desktop\Web development\INTERIOR-DESIGNS\404'
2025-01-28T08:47:13.662Z [ERROR]: ENOENT: no such file or directory, stat 'C:\Users\Andrew\Desktop\Web development\INTERIOR-DESIGNS\404' ENOENT: no such file or directory, stat 'C:\Users\Andrew\Desktop\Web development\INTERIOR-DESIGNS\404'
2025-01-28T08:47:16.423Z [ERROR]: ENOENT: no such file or directory, stat 'C:\Users\Andrew\Desktop\Web development\INTERIOR-DESIGNS\404' ENOENT: no such file or directory, stat 'C:\Users\Andrew\Desktop\Web development\INTERIOR-DESIGNS\404'
2025-01-28T08:47:22.105Z [ERROR]: ENOENT: no such file or directory, stat 'C:\Users\Andrew\Desktop\Web development\INTERIOR-DESIGNS\unauthorized' ENOENT: no such file or directory, stat 'C:\Users\Andrew\Desktop\Web development\INTERIOR-DESIGNS\unauthorized'
2025-01-28T08:49:45.910Z [INFO]: Server running on port 8000
2025-01-28T08:49:47.674Z [INFO]: Connected to MongoDB
2025-01-28T08:50:03.539Z [INFO]: Server running on port 8000
2025-01-28T08:50:04.498Z [INFO]: Connected to MongoDB
2025-01-28T08:57:36.612Z [INFO]: Server running on port 8000
2025-01-28T08:57:38.575Z [INFO]: Connected to MongoDB
2025-01-28T09:02:05.619Z [INFO]: Server running on port 8000
2025-01-28T09:02:07.393Z [INFO]: Connected to MongoDB
2025-01-28T09:02:28.791Z [INFO]: Server running on port 8000
2025-01-28T09:02:29.956Z [INFO]: Connected to MongoDB
2025-01-28T09:02:36.855Z [INFO]: Server running on port 8000
2025-01-28T09:02:37.896Z [INFO]: Connected to MongoDB
2025-01-28T09:07:00.052Z [INFO]: Server running on port 8000
2025-01-28T09:07:01.624Z [INFO]: Connected to MongoDB
2025-01-28T09:12:20.029Z [INFO]: Connected to MongoDB
2025-01-28T09:12:45.819Z [INFO]: Connected to MongoDB
2025-01-28T09:14:06.943Z [INFO]: Connected to MongoDB
2025-01-28T09:15:19.177Z [INFO]: Connected to MongoDB
2025-01-28T09:15:30.136Z [INFO]: Connected to MongoDB
2025-01-28T09:15:36.165Z [INFO]: Connected to MongoDB
2025-01-28T09:16:48.306Z [INFO]: Connected to MongoDB
2025-01-28T09:34:17.570Z [INFO]: Server running on port 8000
2025-01-28T09:34:19.697Z [INFO]: Connected to MongoDB
2025-01-28T09:48:07.244Z [INFO]: Server running on port 8000
2025-01-28T09:48:08.995Z [INFO]: Connected to MongoDB
2025-01-28T09:49:19.150Z [INFO]: Server running on port 8000
2025-01-28T09:49:20.901Z [INFO]: Connected to MongoDB
2025-01-28T09:52:30.650Z [INFO]: Server running on port 8000
2025-01-28T09:52:35.927Z [INFO]: Server running on port 8000
2025-01-28T09:52:37.134Z [INFO]: Connected to MongoDB
2025-01-28T10:01:12.820Z [INFO]: Server running on port 8000
2025-01-28T10:01:15.001Z [INFO]: Connected to MongoDB
2025-01-28T10:15:20.986Z [INFO]: Server running on port 8000
2025-01-28T10:15:22.802Z [INFO]: Connected to MongoDB
2025-01-28T10:15:51.687Z [INFO]: Server running on port 8000
2025-01-28T10:15:53.177Z [INFO]: Connected to MongoDB
2025-01-28T10:18:38.472Z [INFO]: Server running on port 8000
2025-01-28T10:18:40.301Z [INFO]: Connected to MongoDB
2025-01-28T10:25:53.896Z [INFO]: Server running on port 8000
2025-01-28T10:25:55.958Z [INFO]: Connected to MongoDB
2025-01-28T10:26:18.253Z [INFO]: Server running on port 8000
2025-01-28T10:26:19.230Z [INFO]: Connected to MongoDB
2025-01-28T10:26:54.859Z [INFO]: Server running on port 8000
2025-01-28T10:26:56.824Z [INFO]: Connected to MongoDB
2025-01-28T10:28:27.971Z [INFO]: Server running on port 8000
2025-01-28T10:28:29.578Z [INFO]: Connected to MongoDB
2025-01-28T10:29:57.332Z [INFO]: Server running on port 8000
2025-01-28T10:29:59.849Z [INFO]: Connected to MongoDB
2025-01-28T10:31:47.914Z [INFO]: Server running on port 8000
2025-01-28T10:31:49.480Z [INFO]: Connected to MongoDB
2025-01-28T10:38:32.042Z [INFO]: Server running on port 8000
2025-01-28T10:38:33.829Z [INFO]: Connected to MongoDB
2025-01-28T10:53:26.635Z [INFO]: Server running on port 8000
2025-01-28T10:53:28.181Z [INFO]: Connected to MongoDB
2025-01-28T11:13:17.823Z [INFO]: Server running on port 8000
2025-01-28T11:13:19.445Z [INFO]: Connected to MongoDB
2025-01-28T11:13:39.752Z [INFO]: Server running on port 8000
2025-01-28T11:13:40.852Z [INFO]: Connected to MongoDB
2025-01-28T11:13:51.384Z [INFO]: Server running on port 8000
2025-01-28T11:13:52.987Z [INFO]: Connected to MongoDB
2025-01-28T11:13:57.074Z [INFO]: Server running on port 8000
2025-01-28T11:13:58.417Z [INFO]: Connected to MongoDB
2025-01-28T11:21:49.332Z [INFO]: Server running on port 8000
2025-01-28T11:21:51.085Z [INFO]: Connected to MongoDB
2025-01-28T11:24:09.465Z [INFO]: Server running on port 8000
2025-01-28T11:24:11.559Z [INFO]: Connected to MongoDB
2025-01-28T18:51:29.615Z [INFO]: Server running on port 8000
2025-01-28T18:51:33.741Z [INFO]: Connected to MongoDB
2025-01-28T18:54:02.587Z [INFO]: Server running on port 8000
2025-01-28T18:54:04.492Z [INFO]: Connected to MongoDB
2025-01-28T18:58:12.492Z [INFO]: Server running on port 8000
2025-01-28T18:58:13.935Z [INFO]: Connected to MongoDB
2025-01-28T19:02:52.524Z [INFO]: Server running on port 8000
2025-01-28T19:02:54.951Z [INFO]: Connected to MongoDB
2025-01-28T19:03:08.007Z [INFO]: Server running on port 8000
2025-01-28T19:03:09.024Z [INFO]: Connected to MongoDB
2025-01-28T19:06:02.319Z [INFO]: Server running on port 8000
2025-01-28T19:06:03.860Z [INFO]: Connected to MongoDB
2025-01-28T19:07:32.205Z [INFO]: Server running on port 8000
2025-01-28T19:07:35.751Z [INFO]: Connected to MongoDB
2025-01-28T19:17:43.018Z [INFO]: Server running on port 8000
2025-01-28T19:17:44.451Z [INFO]: Connected to MongoDB
2025-01-28T19:24:05.719Z [INFO]: Server running on port 8000
2025-01-28T19:24:07.207Z [INFO]: Connected to MongoDB
2025-01-28T19:25:48.082Z [INFO]: Server running on port 8000
2025-01-28T19:25:49.677Z [INFO]: Connected to MongoDB
2025-01-28T19:31:31.142Z [INFO]: Server running on port 8000
2025-01-28T19:31:32.598Z [INFO]: Connected to MongoDB
2025-01-28T19:38:37.315Z [INFO]: Server running on port 8000
2025-01-28T19:38:44.021Z [INFO]: Connected to MongoDB
2025-01-28T19:39:13.461Z [INFO]: Server running on port 8000
2025-01-28T19:39:14.396Z [INFO]: Connected to MongoDB
2025-01-28T19:44:51.929Z [INFO]: Server running on port 8000
2025-01-28T19:44:53.615Z [INFO]: Connected to MongoDB
2025-01-30T18:54:33.906Z [INFO]: Server running on port 8000
2025-01-30T18:54:35.757Z [INFO]: Connected to MongoDB
2025-01-30T20:16:47.998Z [INFO]: Server running on port 8000
2025-01-30T20:16:51.611Z [INFO]: Connected to MongoDB
2025-01-30T20:22:36.139Z [INFO]: Server running on port 8000
2025-01-30T20:22:39.794Z [INFO]: Connected to MongoDB
2025-01-30T20:26:24.919Z [INFO]: Server running on port 8000
2025-01-30T20:26:28.193Z [INFO]: Connected to MongoDB
2025-01-30T20:26:35.716Z [INFO]: Server running on port 8000
2025-01-30T20:26:38.607Z [INFO]: Connected to MongoDB
2025-01-30T20:41:09.681Z [INFO]: Server running on port 8000
2025-01-30T20:41:12.530Z [INFO]: Connected to MongoDB
2025-01-31T13:02:50.604Z [INFO]: Server running on port 8000
2025-01-31T13:02:53.206Z [INFO]: Connected to MongoDB
2025-01-31T14:17:12.036Z [INFO]: Server running on port 8000
2025-01-31T14:17:16.571Z [INFO]: Connected to MongoDB
2025-01-31T15:50:40.680Z [INFO]: Server running on port 8000
2025-01-31T15:50:42.663Z [INFO]: Connected to MongoDB
2025-01-31T15:50:45.896Z [INFO]: Server running on port 8000
2025-01-31T15:50:46.790Z [INFO]: Connected to MongoDB
2025-01-31T15:56:46.888Z [INFO]: Server running on port 8000
2025-01-31T15:56:48.935Z [INFO]: Connected to MongoDB
2025-01-31T16:08:05.596Z [INFO]: Server running on port 8000
2025-01-31T16:08:07.808Z [INFO]: Connected to MongoDB
2025-01-31T16:11:02.966Z [INFO]: Server running on port 8000
2025-01-31T16:11:05.915Z [INFO]: Connected to MongoDB
2025-01-31T16:11:44.181Z [INFO]: Server running on port 8000
2025-01-31T16:11:45.217Z [INFO]: Connected to MongoDB
