2024-12-17T18:50:13.183Z [ERROR]: Cannot read properties of undefined (reading 'access_token') Cannot read properties of undefined (reading 'access_token')
2024-12-17T18:55:39.773Z [ERROR]: Cannot read properties of undefined (reading 'access_token') Cannot read properties of undefined (reading 'access_token')
2024-12-17T18:55:55.891Z [ERROR]: Cannot read properties of undefined (reading 'access_token') Cannot read properties of undefined (reading 'access_token')
2024-12-17T18:57:50.764Z [ERROR]: Cannot read properties of undefined (reading 'access_token') Cannot read properties of undefined (reading 'access_token')
2024-12-17T19:00:47.896Z [ERROR]: Cannot read properties of undefined (reading 'access_token') Cannot read properties of undefined (reading 'access_token')
2024-12-17T19:03:38.038Z [ERROR]: Cannot read properties of undefined (reading 'access_token') Cannot read properties of undefined (reading 'access_token')
2024-12-19T06:16:45.302Z [ERROR]: Cannot read properties of undefined (reading 'access_token') Cannot read properties of undefined (reading 'access_token')
2024-12-19T06:17:03.827Z [ERROR]: Cannot read properties of undefined (reading 'access_token') Cannot read properties of undefined (reading 'access_token')
2024-12-19T06:18:04.675Z [ERROR]: Cannot read properties of undefined (reading 'access_token') Cannot read properties of undefined (reading 'access_token')
2024-12-19T06:19:59.919Z [ERROR]: Cannot read properties of undefined (reading 'access_token') Cannot read properties of undefined (reading 'access_token')
2024-12-19T06:25:30.854Z [ERROR]: Cannot read properties of undefined (reading 'access_token') Cannot read properties of undefined (reading 'access_token')
2024-12-19T06:26:50.466Z [ERROR]: Cannot read properties of undefined (reading 'access_token') Cannot read properties of undefined (reading 'access_token')
2024-12-19T06:26:50.488Z [ERROR]: Cannot read properties of undefined (reading 'access_token') Cannot read properties of undefined (reading 'access_token')
2024-12-19T06:38:06.652Z [ERROR]: Cannot read properties of undefined (reading 'access_token') Cannot read properties of undefined (reading 'access_token')
2024-12-19T06:38:06.666Z [ERROR]: Cannot read properties of undefined (reading 'access_token') Cannot read properties of undefined (reading 'access_token')
2024-12-19T06:55:19.095Z [ERROR]: Cannot read properties of undefined (reading 'access_token') Cannot read properties of undefined (reading 'access_token')
2024-12-19T06:55:19.105Z [ERROR]: Cannot read properties of undefined (reading 'access_token') Cannot read properties of undefined (reading 'access_token')
2024-12-19T06:56:02.158Z [ERROR]: Cannot read properties of undefined (reading 'access_token') Cannot read properties of undefined (reading 'access_token')
2024-12-19T06:56:02.165Z [ERROR]: Cannot read properties of undefined (reading 'access_token') Cannot read properties of undefined (reading 'access_token')
2024-12-24T17:06:09.553Z [ERROR]: Could not connect to MongoDB Could not connect to any servers in your MongoDB Atlas cluster. One common reason is that you're trying to access the database from an IP that isn't whitelisted. Make sure your current IP address is on your Atlas cluster's IP whitelist: https://www.mongodb.com/docs/atlas/security-whitelist/
2024-12-24T17:30:05.539Z [ERROR]: Could not connect to MongoDB Could not connect to any servers in your MongoDB Atlas cluster. One common reason is that you're trying to access the database from an IP that isn't whitelisted. Make sure your current IP address is on your Atlas cluster's IP whitelist: https://www.mongodb.com/docs/atlas/security-whitelist/
2024-12-24T17:32:34.547Z [ERROR]: Could not connect to MongoDB Could not connect to any servers in your MongoDB Atlas cluster. One common reason is that you're trying to access the database from an IP that isn't whitelisted. Make sure your current IP address is on your Atlas cluster's IP whitelist: https://www.mongodb.com/docs/atlas/security-whitelist/
2024-12-25T06:08:42.352Z [ERROR]: Could not connect to MongoDB querySrv ECONNREFUSED _mongodb._tcp.test.gvdcm.mongodb.net
2024-12-25T06:14:54.956Z [ERROR]: Could not connect to MongoDB Could not connect to any servers in your MongoDB Atlas cluster. One common reason is that you're trying to access the database from an IP that isn't whitelisted. Make sure your current IP address is on your Atlas cluster's IP whitelist: https://www.mongodb.com/docs/atlas/security-whitelist/
2024-12-25T07:39:05.674Z [ERROR]: Could not connect to MongoDB Could not connect to any servers in your MongoDB Atlas cluster. One common reason is that you're trying to access the database from an IP that isn't whitelisted. Make sure your current IP address is on your Atlas cluster's IP whitelist: https://www.mongodb.com/docs/atlas/security-whitelist/
2025-01-05T07:52:27.548Z [ERROR]: Could not connect to MongoDB Could not connect to any servers in your MongoDB Atlas cluster. One common reason is that you're trying to access the database from an IP that isn't whitelisted. Make sure your current IP address is on your Atlas cluster's IP whitelist: https://www.mongodb.com/docs/atlas/security-whitelist/
2025-01-06T17:18:52.139Z [ERROR]: Could not connect to MongoDB Could not connect to any servers in your MongoDB Atlas cluster. One common reason is that you're trying to access the database from an IP that isn't whitelisted. Make sure your current IP address is on your Atlas cluster's IP whitelist: https://www.mongodb.com/docs/atlas/security-whitelist/
2025-01-06T18:08:02.207Z [ERROR]: Could not connect to MongoDB read ECONNRESET
2025-01-07T09:45:02.976Z [ERROR]: Could not connect to MongoDB querySrv ETIMEOUT _mongodb._tcp.test.gvdcm.mongodb.net
2025-01-07T11:35:21.835Z [ERROR]: Could not connect to MongoDB querySrv ETIMEOUT _mongodb._tcp.test.gvdcm.mongodb.net
2025-01-07T13:28:02.702Z [ERROR]: Could not connect to MongoDB queryTxt ETIMEOUT test.gvdcm.mongodb.net
2025-01-28T05:45:17.531Z [ERROR]: Not allowed by CORS Not allowed by CORS
2025-01-28T05:45:27.115Z [ERROR]: Not allowed by CORS Not allowed by CORS
2025-01-28T08:41:18.759Z [ERROR]: ENOENT: no such file or directory, stat 'C:\Users\Andrew\Desktop\Web development\INTERIOR-DESIGNS\404.html' ENOENT: no such file or directory, stat 'C:\Users\Andrew\Desktop\Web development\INTERIOR-DESIGNS\404.html'
2025-01-28T08:41:22.683Z [ERROR]: ENOENT: no such file or directory, stat 'C:\Users\Andrew\Desktop\Web development\INTERIOR-DESIGNS\404.html' ENOENT: no such file or directory, stat 'C:\Users\Andrew\Desktop\Web development\INTERIOR-DESIGNS\404.html'
2025-01-28T08:41:31.560Z [ERROR]: ENOENT: no such file or directory, stat 'C:\Users\Andrew\Desktop\Web development\INTERIOR-DESIGNS\404.html' ENOENT: no such file or directory, stat 'C:\Users\Andrew\Desktop\Web development\INTERIOR-DESIGNS\404.html'
2025-01-28T08:41:31.568Z [ERROR]: ENOENT: no such file or directory, stat 'C:\Users\Andrew\Desktop\Web development\INTERIOR-DESIGNS\404.html' ENOENT: no such file or directory, stat 'C:\Users\Andrew\Desktop\Web development\INTERIOR-DESIGNS\404.html'
2025-01-28T08:41:31.573Z [ERROR]: ENOENT: no such file or directory, stat 'C:\Users\Andrew\Desktop\Web development\INTERIOR-DESIGNS\404.html' ENOENT: no such file or directory, stat 'C:\Users\Andrew\Desktop\Web development\INTERIOR-DESIGNS\404.html'
2025-01-28T08:41:31.579Z [ERROR]: ENOENT: no such file or directory, stat 'C:\Users\Andrew\Desktop\Web development\INTERIOR-DESIGNS\404.html' ENOENT: no such file or directory, stat 'C:\Users\Andrew\Desktop\Web development\INTERIOR-DESIGNS\404.html'
2025-01-28T08:41:38.300Z [ERROR]: ENOENT: no such file or directory, stat 'C:\Users\Andrew\Desktop\Web development\INTERIOR-DESIGNS\404.html' ENOENT: no such file or directory, stat 'C:\Users\Andrew\Desktop\Web development\INTERIOR-DESIGNS\404.html'
